This file contains any messages produced by compilers while
running configure, to aid debugging if configure makes a mistake.

It was created by CommBug configure 1.0.0.1000, which was
generated by GNU Autoconf 2.65.  Invocation command line was

  $ ./configure --enable-maintainer-mode

## --------- ##
## Platform. ##
## --------- ##

hostname = vowstar-laptop
uname -m = x86_64
uname -r = 2.6.32-26-generic
uname -s = Linux
uname -v = #47-Ubuntu SMP Wed Nov 17 15:58:05 UTC 2010

/usr/bin/uname -p = unknown
/bin/uname -X     = unknown

/bin/arch              = unknown
/usr/bin/arch -k       = unknown
/usr/convex/getsysinfo = unknown
/usr/bin/hostinfo      = unknown
/bin/machine           = unknown
/usr/bin/oslevel       = unknown
/bin/universe          = unknown

PATH: /usr/local/sbin
PATH: /usr/local/bin
PATH: /usr/sbin
PATH: /usr/bin
PATH: /sbin
PATH: /bin
PATH: /usr/games


## ----------- ##
## Core tests. ##
## ----------- ##

configure:1758: checking for a BSD-compatible install
configure:1826: result: /usr/bin/install -c
configure:1837: checking whether build environment is sane
configure:1887: result: yes
configure:2028: checking for a thread-safe mkdir -p
configure:2067: result: /bin/mkdir -p
configure:2080: checking for gawk
configure:2096: found /usr/bin/gawk
configure:2107: result: gawk
configure:2118: checking whether make sets $(MAKE)
configure:2140: result: yes
configure:2221: checking whether to enable maintainer-specific portions of Makefiles
configure:2230: result: yes
configure:2246: checking for pkg-config
configure:2264: found /usr/bin/pkg-config
configure:2277: result: /usr/bin/pkg-config
configure:2338: checking for gmcs
configure:2356: found /usr/bin/gmcs
configure:2369: result: /usr/bin/gmcs
configure:2535: checking pkg-config is at least version 0.9.0
configure:2538: result: yes
configure:2549: checking for GTK_SHARP_20
configure:2557: $PKG_CONFIG --exists --print-errors "gtk-sharp-2.0"
configure:2560: $? = 0
configure:2575: $PKG_CONFIG --exists --print-errors "gtk-sharp-2.0"
configure:2578: $? = 0
configure:2633: result: yes
configure:2639: checking for GLIB_SHARP_20
configure:2647: $PKG_CONFIG --exists --print-errors "glib-sharp-2.0"
configure:2650: $? = 0
configure:2665: $PKG_CONFIG --exists --print-errors "glib-sharp-2.0"
configure:2668: $? = 0
configure:2723: result: yes
configure:2729: checking for GLADE_SHARP_20
configure:2737: $PKG_CONFIG --exists --print-errors "glade-sharp-2.0"
configure:2740: $? = 0
configure:2755: $PKG_CONFIG --exists --print-errors "glade-sharp-2.0"
configure:2758: $? = 0
configure:2813: result: yes
configure:2978: creating ./config.status

## ---------------------- ##
## Running config.status. ##
## ---------------------- ##

This file was extended by CommBug config.status 1.0.0.1000, which was
generated by GNU Autoconf 2.65.  Invocation command line was

  CONFIG_FILES    = 
  CONFIG_HEADERS  = 
  CONFIG_LINKS    = 
  CONFIG_COMMANDS = 
  $ ./config.status 

on vowstar-laptop

config.status:768: creating CommBug/commbug
config.status:768: creating CommBug/Makefile
config.status:768: creating Makefile

## ---------------- ##
## Cache variables. ##
## ---------------- ##

ac_cv_env_GLADE_SHARP_20_CFLAGS_set=
ac_cv_env_GLADE_SHARP_20_CFLAGS_value=
ac_cv_env_GLADE_SHARP_20_LIBS_set=
ac_cv_env_GLADE_SHARP_20_LIBS_value=
ac_cv_env_GLIB_SHARP_20_CFLAGS_set=
ac_cv_env_GLIB_SHARP_20_CFLAGS_value=
ac_cv_env_GLIB_SHARP_20_LIBS_set=
ac_cv_env_GLIB_SHARP_20_LIBS_value=
ac_cv_env_GTK_SHARP_20_CFLAGS_set=
ac_cv_env_GTK_SHARP_20_CFLAGS_value=
ac_cv_env_GTK_SHARP_20_LIBS_set=
ac_cv_env_GTK_SHARP_20_LIBS_value=
ac_cv_env_PKG_CONFIG_set=
ac_cv_env_PKG_CONFIG_value=
ac_cv_env_build_alias_set=
ac_cv_env_build_alias_value=
ac_cv_env_host_alias_set=
ac_cv_env_host_alias_value=
ac_cv_env_target_alias_set=
ac_cv_env_target_alias_value=
ac_cv_path_GMCS=/usr/bin/gmcs
ac_cv_path_PKG_CONFIG=/usr/bin/pkg-config
ac_cv_path_install='/usr/bin/install -c'
ac_cv_path_mkdir=/bin/mkdir
ac_cv_prog_AWK=gawk
ac_cv_prog_make_make_set=yes
pkg_cv_GLADE_SHARP_20_CFLAGS='-I:/usr/lib/pkgconfig/../../share/gapi-2.0/glade-api.xml -I:/usr/lib/pkgconfig/../../share/gapi-2.0/pango-api.xml -I:/usr/lib/pkgconfig/../../share/gapi-2.0/atk-api.xml -I:/usr/lib/pkgconfig/../../share/gapi-2.0/gdk-api.xml -I:/usr/lib/pkgconfig/../../share/gapi-2.0/gtk-api.xml -I:/usr/lib/pkgconfig/../../share/gapi-2.0/glib-api.xml  '
pkg_cv_GLADE_SHARP_20_LIBS='-r:/usr/lib/pkgconfig/../../lib/cli/glade-sharp-2.0/glade-sharp.dll -r:/usr/lib/pkgconfig/../../lib/cli/pango-sharp-2.0/pango-sharp.dll -r:/usr/lib/pkgconfig/../../lib/cli/atk-sharp-2.0/atk-sharp.dll -r:/usr/lib/pkgconfig/../../lib/cli/gdk-sharp-2.0/gdk-sharp.dll -r:/usr/lib/pkgconfig/../../lib/cli/gtk-sharp-2.0/gtk-sharp.dll -r:/usr/lib/pkgconfig/../../lib/cli/glib-sharp-2.0/glib-sharp.dll  '
pkg_cv_GLIB_SHARP_20_CFLAGS='-I:/usr/lib/pkgconfig/../../share/gapi-2.0/glib-api.xml  '
pkg_cv_GLIB_SHARP_20_LIBS='-r:/usr/lib/pkgconfig/../../lib/cli/glib-sharp-2.0/glib-sharp.dll  '
pkg_cv_GTK_SHARP_20_CFLAGS='-I:/usr/lib/pkgconfig/../../share/gapi-2.0/pango-api.xml -I:/usr/lib/pkgconfig/../../share/gapi-2.0/atk-api.xml -I:/usr/lib/pkgconfig/../../share/gapi-2.0/gdk-api.xml -I:/usr/lib/pkgconfig/../../share/gapi-2.0/gtk-api.xml -I:/usr/lib/pkgconfig/../../share/gapi-2.0/glib-api.xml  '
pkg_cv_GTK_SHARP_20_LIBS='-r:/usr/lib/pkgconfig/../../lib/cli/pango-sharp-2.0/pango-sharp.dll -r:/usr/lib/pkgconfig/../../lib/cli/atk-sharp-2.0/atk-sharp.dll -r:/usr/lib/pkgconfig/../../lib/cli/gdk-sharp-2.0/gdk-sharp.dll -r:/usr/lib/pkgconfig/../../lib/cli/gtk-sharp-2.0/gtk-sharp.dll -r:/usr/lib/pkgconfig/../../lib/cli/glib-sharp-2.0/glib-sharp.dll  '

## ----------------- ##
## Output variables. ##
## ----------------- ##

ACLOCAL='${SHELL} /home/vowstar/Projects/Commbug/missing --run aclocal-1.11'
AMTAR='${SHELL} /home/vowstar/Projects/Commbug/missing --run tar'
AUTOCONF='${SHELL} /home/vowstar/Projects/Commbug/missing --run autoconf'
AUTOHEADER='${SHELL} /home/vowstar/Projects/Commbug/missing --run autoheader'
AUTOMAKE='${SHELL} /home/vowstar/Projects/Commbug/missing --run automake-1.11'
AWK='gawk'
CYGPATH_W='echo'
DEFS='-DPACKAGE_NAME=\"CommBug\" -DPACKAGE_TARNAME=\"commbug\" -DPACKAGE_VERSION=\"1.0.0.1000\" -DPACKAGE_STRING=\"CommBug\ 1.0.0.1000\" -DPACKAGE_BUGREPORT=\"\" -DPACKAGE_URL=\"\" -DPACKAGE=\"commbug\" -DVERSION=\"1.0.0.1000\"'
ECHO_C=''
ECHO_N='-n'
ECHO_T=''
ENABLE_DEBUG_X86_FALSE=''
ENABLE_DEBUG_X86_TRUE='#'
ENABLE_RELEASE_X86_FALSE='#'
ENABLE_RELEASE_X86_TRUE=''
GLADE_SHARP_20_CFLAGS='-I:/usr/lib/pkgconfig/../../share/gapi-2.0/glade-api.xml -I:/usr/lib/pkgconfig/../../share/gapi-2.0/pango-api.xml -I:/usr/lib/pkgconfig/../../share/gapi-2.0/atk-api.xml -I:/usr/lib/pkgconfig/../../share/gapi-2.0/gdk-api.xml -I:/usr/lib/pkgconfig/../../share/gapi-2.0/gtk-api.xml -I:/usr/lib/pkgconfig/../../share/gapi-2.0/glib-api.xml  '
GLADE_SHARP_20_LIBS='-r:/usr/lib/pkgconfig/../../lib/cli/glade-sharp-2.0/glade-sharp.dll -r:/usr/lib/pkgconfig/../../lib/cli/pango-sharp-2.0/pango-sharp.dll -r:/usr/lib/pkgconfig/../../lib/cli/atk-sharp-2.0/atk-sharp.dll -r:/usr/lib/pkgconfig/../../lib/cli/gdk-sharp-2.0/gdk-sharp.dll -r:/usr/lib/pkgconfig/../../lib/cli/gtk-sharp-2.0/gtk-sharp.dll -r:/usr/lib/pkgconfig/../../lib/cli/glib-sharp-2.0/glib-sharp.dll  '
GLIB_SHARP_20_CFLAGS='-I:/usr/lib/pkgconfig/../../share/gapi-2.0/glib-api.xml  '
GLIB_SHARP_20_LIBS='-r:/usr/lib/pkgconfig/../../lib/cli/glib-sharp-2.0/glib-sharp.dll  '
GMCS='/usr/bin/gmcs'
GTK_SHARP_20_CFLAGS='-I:/usr/lib/pkgconfig/../../share/gapi-2.0/pango-api.xml -I:/usr/lib/pkgconfig/../../share/gapi-2.0/atk-api.xml -I:/usr/lib/pkgconfig/../../share/gapi-2.0/gdk-api.xml -I:/usr/lib/pkgconfig/../../share/gapi-2.0/gtk-api.xml -I:/usr/lib/pkgconfig/../../share/gapi-2.0/glib-api.xml  '
GTK_SHARP_20_LIBS='-r:/usr/lib/pkgconfig/../../lib/cli/pango-sharp-2.0/pango-sharp.dll -r:/usr/lib/pkgconfig/../../lib/cli/atk-sharp-2.0/atk-sharp.dll -r:/usr/lib/pkgconfig/../../lib/cli/gdk-sharp-2.0/gdk-sharp.dll -r:/usr/lib/pkgconfig/../../lib/cli/gtk-sharp-2.0/gtk-sharp.dll -r:/usr/lib/pkgconfig/../../lib/cli/glib-sharp-2.0/glib-sharp.dll  '
INSTALL_DATA='${INSTALL} -m 644'
INSTALL_PROGRAM='${INSTALL}'
INSTALL_SCRIPT='${INSTALL}'
INSTALL_STRIP_PROGRAM='$(install_sh) -c -s'
LIBOBJS=''
LIBS=''
LTLIBOBJS=''
MAINT=''
MAINTAINER_MODE_FALSE='#'
MAINTAINER_MODE_TRUE=''
MAKEINFO='${SHELL} /home/vowstar/Projects/Commbug/missing --run makeinfo'
MKDIR_P='/bin/mkdir -p'
PACKAGE='commbug'
PACKAGE_BUGREPORT=''
PACKAGE_NAME='CommBug'
PACKAGE_STRING='CommBug 1.0.0.1000'
PACKAGE_TARNAME='commbug'
PACKAGE_URL=''
PACKAGE_VERSION='1.0.0.1000'
PATH_SEPARATOR=':'
PKG_CONFIG='/usr/bin/pkg-config'
SET_MAKE=''
SHELL='/bin/bash'
STRIP=''
VERSION='1.0.0.1000'
am__isrc=''
am__leading_dot='.'
am__tar='${AMTAR} chof - "$$tardir"'
am__untar='${AMTAR} xf -'
bindir='${exec_prefix}/bin'
build_alias=''
datadir='${datarootdir}'
datarootdir='${prefix}/share'
docdir='${datarootdir}/doc/${PACKAGE_TARNAME}'
dvidir='${docdir}'
exec_prefix='/usr/local'
expanded_bindir='/usr/local/bin'
expanded_datadir='/usr/local/share'
expanded_libdir='/usr/local/lib'
host_alias=''
htmldir='${docdir}'
includedir='${prefix}/include'
infodir='${datarootdir}/info'
install_sh='${SHELL} /home/vowstar/Projects/Commbug/install-sh'
libdir='${exec_prefix}/lib'
libexecdir='${exec_prefix}/libexec'
localedir='${datarootdir}/locale'
localstatedir='${prefix}/var'
mandir='${datarootdir}/man'
mkdir_p='/bin/mkdir -p'
oldincludedir='/usr/include'
pdfdir='${docdir}'
prefix='/usr/local'
program_transform_name='s,x,x,'
psdir='${docdir}'
sbindir='${exec_prefix}/sbin'
sharedstatedir='${prefix}/com'
sysconfdir='${prefix}/etc'
target_alias=''

## ----------- ##
## confdefs.h. ##
## ----------- ##

/* confdefs.h */
#define PACKAGE_NAME "CommBug"
#define PACKAGE_TARNAME "commbug"
#define PACKAGE_VERSION "1.0.0.1000"
#define PACKAGE_STRING "CommBug 1.0.0.1000"
#define PACKAGE_BUGREPORT ""
#define PACKAGE_URL ""
#define PACKAGE "commbug"
#define VERSION "1.0.0.1000"

configure: exit 0
